# JRE version: Java(TM) SE Runtime Environment (9.0+11) (build 9.0.1+11)
# Java VM: Java HotSpot(TM) 64-Bit Server VM (9.0.1+11, mixed mode, tiered, compressed oops, g1 gc, linux-amd64)
Heap:
 garbage-first heap   total 573440K, used 36952K [0x00000000c0000000, 0x00000000c0101180, 0x0000000100000000)
  region size 1024K, 18 young (18432K), 18 survivors (18432K)
 Metaspace       used 45397K, capacity 46570K, committed 46924K, reserved 1089536K
  class space    used 5849K, capacity 6123K, committed 6220K, reserved 1048576K
GC Heap History (10 events):
Event: 0.556 GC heap after
{Heap after GC invocations=2 (full 0):
 garbage-first heap   total 256000K, used 9065K [0x00000000c0000000, 0x00000000c01007d0, 0x0000000100000000)
  region size 1024K, 2 young (2048K), 2 survivors (2048K)
 Metaspace       used 9878K, capacity 10118K, committed 10368K, reserved 1058816K
  class space    used 1021K, capacity 1095K, committed 1152K, reserved 1048576K
}
Event: 0.840 GC heap before
{Heap before GC invocations=2 (full 0):
 garbage-first heap   total 256000K, used 37737K [0x00000000c0000000, 0x00000000c01007d0, 0x0000000100000000)
  region size 1024K, 29 young (29696K), 2 survivors (2048K)
 Metaspace       used 12851K, capacity 13300K, committed 13312K, reserved 1060864K
  class space    used 1433K, capacity 1533K, committed 1536K, reserved 1048576K
}
Event: 0.846 GC heap after
{Heap after GC invocations=3 (full 0):
 garbage-first heap   total 256000K, used 13276K [0x00000000c0000000, 0x00000000c01007d0, 0x0000000100000000)
  region size 1024K, 4 young (4096K), 4 survivors (4096K)
 Metaspace       used 12851K, capacity 13300K, committed 13312K, reserved 1060864K
  class space    used 1433K, capacity 1533K, committed 1536K, reserved 1048576K
}
Event: 1.514 GC heap before
{Heap before GC invocations=3 (full 0):
 garbage-first heap   total 256000K, used 71644K [0x00000000c0000000, 0x00000000c01007d0, 0x0000000100000000)
  region size 1024K, 62 young (63488K), 4 survivors (4096K)
 Metaspace       used 20576K, capacity 21094K, committed 21248K, reserved 1067008K
  class space    used 2581K, capacity 2709K, committed 2816K, reserved 1048576K
}
Event: 1.530 GC heap after
{Heap after GC invocations=4 (full 0):
 garbage-first heap   total 256000K, used 20924K [0x00000000c0000000, 0x00000000c01007d0, 0x0000000100000000)
  region size 1024K, 12 young (12288K), 12 survivors (12288K)
 Metaspace       used 20576K, capacity 21094K, committed 21248K, reserved 1067008K
  class space    used 2581K, capacity 2709K, committed 2816K, reserved 1048576K
}
Event: 2.502 GC heap before
{Heap before GC invocations=5 (full 0):
 garbage-first heap   total 256000K, used 89568K [0x00000000c0000000, 0x00000000c01007d0, 0x0000000100000000)
  region size 1024K, 77 young (78848K), 12 survivors (12288K)
 Metaspace       used 29919K, capacity 30684K, committed 30848K, reserved 1077248K
  class space    used 3740K, capacity 3928K, committed 3968K, reserved 1048576K
}
Event: 2.528 GC heap after
{Heap after GC invocations=6 (full 0):
 garbage-first heap   total 256000K, used 24485K [0x00000000c0000000, 0x00000000c01007d0, 0x0000000100000000)
  region size 1024K, 10 young (10240K), 10 survivors (10240K)
 Metaspace       used 29919K, capacity 30684K, committed 30848K, reserved 1077248K
  class space    used 3740K, capacity 3928K, committed 3968K, reserved 1048576K
}
Event: 3.275 GC heap before
{Heap before GC invocations=6 (full 0):
 garbage-first heap   total 256000K, used 90021K [0x00000000c0000000, 0x00000000c01007d0, 0x0000000100000000)
  region size 1024K, 75 young (76800K), 10 survivors (10240K)
 Metaspace       used 34870K, capacity 35758K, committed 35840K, reserved 1081344K
  class space    used 4462K, capacity 4712K, committed 4736K, reserved 1048576K
}
Event: 3.296 GC heap after
{Heap after GC invocations=7 (full 0):
 garbage-first heap   total 256000K, used 27610K [0x00000000c0000000, 0x00000000c01007d0, 0x0000000100000000)
  region size 1024K, 13 young (13312K), 13 survivors (13312K)
 Metaspace       used 34870K, capacity 35758K, committed 35840K, reserved 1081344K
  class space    used 4462K, capacity 4712K, committed 4736K, reserved 1048576K
}
Event: 5.273 GC heap before
{Heap before GC invocations=8 (full 0):
 garbage-first heap   total 256000K, used 167898K [0x00000000c0000000, 0x00000000c01007d0, 0x0000000100000000)
  region size 1024K, 150 young (153600K), 13 survivors (13312K)
 Metaspace       used 45397K, capacity 46570K, committed 46924K, reserved 1089536K
  class space    used 5849K, capacity 6123K, committed 6220K, reserved 1048576K
}

